[0505/111851.110:WARNING:resource_util.cc(94)] Please customize CefSettings.root_cache_path for your application. Use of the default value may lead to unintended process singleton behavior.
[0505/111851.565:ERROR:gpu_process_host.cc(1002)] GPU process exited unexpectedly: exit_code=-532462766
[0505/111851.565:WARNING:gpu_process_host.cc(1436)] The GPU process has crashed 1 time(s)
[0505/111851.649:ERROR:gpu_process_host.cc(1002)] GPU process exited unexpectedly: exit_code=-532462766
[0505/111851.649:WARNING:gpu_process_host.cc(1436)] The GPU process has crashed 2 time(s)
[0505/111851.738:ERROR:gpu_process_host.cc(1002)] GPU process exited unexpectedly: exit_code=-532462766
[0505/111851.738:WARNING:gpu_process_host.cc(1436)] The GPU process has crashed 3 time(s)
[0505/111851.812:ERROR:gpu_process_host.cc(1002)] GPU process exited unexpectedly: exit_code=-532462766
[0505/111851.812:WARNING:gpu_process_host.cc(1436)] The GPU process has crashed 4 time(s)
[0505/111851.911:ERROR:gpu_process_host.cc(1002)] GPU process exited unexpectedly: exit_code=-532462766
[0505/111851.911:WARNING:gpu_process_host.cc(1436)] The GPU process has crashed 5 time(s)
[0505/111851.992:ERROR:gpu_process_host.cc(1002)] GPU process exited unexpectedly: exit_code=-532462766
[0505/111851.992:WARNING:gpu_process_host.cc(1436)] The GPU process has crashed 6 time(s)
[0505/111852.085:ERROR:gpu_process_host.cc(1002)] GPU process exited unexpectedly: exit_code=-532462766
[0505/111852.085:WARNING:gpu_process_host.cc(1436)] The GPU process has crashed 7 time(s)
[0505/111852.175:ERROR:gpu_process_host.cc(1002)] GPU process exited unexpectedly: exit_code=-532462766
[0505/111852.175:WARNING:gpu_process_host.cc(1436)] The GPU process has crashed 8 time(s)
[0505/111852.260:ERROR:gpu_process_host.cc(1002)] GPU process exited unexpectedly: exit_code=-532462766
[0505/111852.260:WARNING:gpu_process_host.cc(1436)] The GPU process has crashed 9 time(s)
[0505/111852.260:FATAL:gpu_data_manager_impl_private.cc(448)] GPU process isn't usable. Goodbye.
[0505/112051.215:WARNING:resource_util.cc(94)] Please customize CefSettings.root_cache_path for your application. Use of the default value may lead to unintended process singleton behavior.
[0505/112054.066:ERROR:gpu_process_host.cc(1002)] GPU process exited unexpectedly: exit_code=-532462766
[0505/112054.066:WARNING:gpu_process_host.cc(1436)] The GPU process has crashed 1 time(s)
[0505/112057.010:ERROR:gpu_process_host.cc(1002)] GPU process exited unexpectedly: exit_code=-532462766
[0505/112057.010:WARNING:gpu_process_host.cc(1436)] The GPU process has crashed 2 time(s)
[0505/112135.693:WARNING:resource_util.cc(94)] Please customize CefSettings.root_cache_path for your application. Use of the default value may lead to unintended process singleton behavior.
[0505/112138.663:ERROR:network_service_instance_impl.cc(599)] Network service crashed, restarting service.
[0505/112138.664:ERROR:gpu_process_host.cc(1002)] GPU process exited unexpectedly: exit_code=-532462766
[0505/112138.664:WARNING:gpu_process_host.cc(1436)] The GPU process has crashed 1 time(s)
[0505/112138.789:ERROR:network_service_instance_impl.cc(599)] Network service crashed, restarting service.
[0505/112138.895:ERROR:network_service_instance_impl.cc(599)] Network service crashed, restarting service.
[0505/112138.981:ERROR:network_service_instance_impl.cc(599)] Network service crashed, restarting service.
[0505/112139.096:ERROR:network_service_instance_impl.cc(599)] Network service crashed, restarting service.
[0505/112139.193:ERROR:network_service_instance_impl.cc(599)] Network service crashed, restarting service.
[0505/112139.290:ERROR:network_service_instance_impl.cc(599)] Network service crashed, restarting service.
[0505/112139.381:ERROR:network_service_instance_impl.cc(599)] Network service crashed, restarting service.
[0505/112139.484:ERROR:network_service_instance_impl.cc(599)] Network service crashed, restarting service.
[0505/112139.580:ERROR:network_service_instance_impl.cc(599)] Network service crashed, restarting service.
[0505/112139.673:ERROR:network_service_instance_impl.cc(599)] Network service crashed, restarting service.
[0505/112139.763:ERROR:network_service_instance_impl.cc(599)] Network service crashed, restarting service.
[0505/112139.850:ERROR:network_service_instance_impl.cc(599)] Network service crashed, restarting service.
[0505/112139.945:ERROR:network_service_instance_impl.cc(599)] Network service crashed, restarting service.
[0505/112140.037:ERROR:network_service_instance_impl.cc(599)] Network service crashed, restarting service.
[0505/112140.123:ERROR:network_service_instance_impl.cc(599)] Network service crashed, restarting service.
[0505/112140.215:ERROR:network_service_instance_impl.cc(599)] Network service crashed, restarting service.
[0505/112140.313:ERROR:network_service_instance_impl.cc(599)] Network service crashed, restarting service.
[0505/112140.395:ERROR:network_service_instance_impl.cc(599)] Network service crashed, restarting service.
[0505/112140.479:ERROR:network_service_instance_impl.cc(599)] Network service crashed, restarting service.
[0505/112140.560:ERROR:network_service_instance_impl.cc(599)] Network service crashed, restarting service.
[0505/112140.653:ERROR:network_service_instance_impl.cc(599)] Network service crashed, restarting service.
[0505/112140.745:ERROR:network_service_instance_impl.cc(599)] Network service crashed, restarting service.
[0505/112140.826:ERROR:network_service_instance_impl.cc(599)] Network service crashed, restarting service.
[0505/112140.926:ERROR:network_service_instance_impl.cc(599)] Network service crashed, restarting service.
[0505/112141.005:ERROR:network_service_instance_impl.cc(599)] Network service crashed, restarting service.
[0505/112141.094:ERROR:network_service_instance_impl.cc(599)] Network service crashed, restarting service.
[0505/112141.180:ERROR:network_service_instance_impl.cc(599)] Network service crashed, restarting service.
[0505/112141.265:ERROR:network_service_instance_impl.cc(599)] Network service crashed, restarting service.
[0505/112141.354:ERROR:network_service_instance_impl.cc(599)] Network service crashed, restarting service.
[0505/112141.439:ERROR:network_service_instance_impl.cc(599)] Network service crashed, restarting service.
[0505/112141.657:ERROR:gpu_process_host.cc(1002)] GPU process exited unexpectedly: exit_code=-532462766
[0505/112141.657:WARNING:gpu_process_host.cc(1436)] The GPU process has crashed 2 time(s)
[0505/112144.312:ERROR:network_service_instance_impl.cc(599)] Network service crashed, restarting service.
[0505/112144.313:ERROR:gpu_process_host.cc(1002)] GPU process exited unexpectedly: exit_code=-532462766
[0505/112144.313:WARNING:gpu_process_host.cc(1436)] The GPU process has crashed 3 time(s)
[0505/112146.868:ERROR:gpu_process_host.cc(1002)] GPU process exited unexpectedly: exit_code=-532462766
[0505/112146.868:WARNING:gpu_process_host.cc(1436)] The GPU process has crashed 4 time(s)
[0505/112146.932:ERROR:network_service_instance_impl.cc(599)] Network service crashed, restarting service.
[0505/112150.046:ERROR:gpu_process_host.cc(1002)] GPU process exited unexpectedly: exit_code=-532462766
[0505/112150.046:WARNING:gpu_process_host.cc(1436)] The GPU process has crashed 5 time(s)
[0505/112150.077:ERROR:network_service_instance_impl.cc(599)] Network service crashed, restarting service.
[0505/112152.625:ERROR:gpu_process_host.cc(1002)] GPU process exited unexpectedly: exit_code=-532462766
[0505/112152.625:WARNING:gpu_process_host.cc(1436)] The GPU process has crashed 6 time(s)
[0505/112153.922:ERROR:network_service_instance_impl.cc(599)] Network service crashed, restarting service.
[0505/112156.350:ERROR:gpu_process_host.cc(1002)] GPU process exited unexpectedly: exit_code=-532462766
[0505/112156.350:WARNING:gpu_process_host.cc(1436)] The GPU process has crashed 7 time(s)
[0505/112156.711:ERROR:network_service_instance_impl.cc(599)] Network service crashed, restarting service.
[0505/112159.261:ERROR:gpu_process_host.cc(1002)] GPU process exited unexpectedly: exit_code=-532462766
[0505/112159.261:WARNING:gpu_process_host.cc(1436)] The GPU process has crashed 8 time(s)
[0505/112159.660:ERROR:network_service_instance_impl.cc(599)] Network service crashed, restarting service.
[0505/112202.210:ERROR:gpu_process_host.cc(1002)] GPU process exited unexpectedly: exit_code=-532462766
[0505/112202.210:WARNING:gpu_process_host.cc(1436)] The GPU process has crashed 9 time(s)
[0505/112202.210:FATAL:gpu_data_manager_impl_private.cc(448)] GPU process isn't usable. Goodbye.
[0505/112331.105:WARNING:resource_util.cc(94)] Please customize CefSettings.root_cache_path for your application. Use of the default value may lead to unintended process singleton behavior.
[0505/112333.963:ERROR:gpu_process_host.cc(1002)] GPU process exited unexpectedly: exit_code=-532462766
[0505/112333.963:WARNING:gpu_process_host.cc(1436)] The GPU process has crashed 1 time(s)
[0505/112334.079:ERROR:gpu_process_host.cc(1002)] GPU process exited unexpectedly: exit_code=-532462766
[0505/112334.079:WARNING:gpu_process_host.cc(1436)] The GPU process has crashed 2 time(s)
[0505/112334.162:ERROR:gpu_process_host.cc(1002)] GPU process exited unexpectedly: exit_code=-532462766
[0505/112334.162:WARNING:gpu_process_host.cc(1436)] The GPU process has crashed 3 time(s)
[0505/112334.241:ERROR:gpu_process_host.cc(1002)] GPU process exited unexpectedly: exit_code=-532462766
[0505/112334.241:WARNING:gpu_process_host.cc(1436)] The GPU process has crashed 4 time(s)
[0505/112334.327:ERROR:gpu_process_host.cc(1002)] GPU process exited unexpectedly: exit_code=-532462766
[0505/112334.327:WARNING:gpu_process_host.cc(1436)] The GPU process has crashed 5 time(s)
[0505/112334.416:ERROR:gpu_process_host.cc(1002)] GPU process exited unexpectedly: exit_code=-532462766
[0505/112334.416:WARNING:gpu_process_host.cc(1436)] The GPU process has crashed 6 time(s)
[0505/112334.502:ERROR:gpu_process_host.cc(1002)] GPU process exited unexpectedly: exit_code=-532462766
[0505/112334.502:WARNING:gpu_process_host.cc(1436)] The GPU process has crashed 7 time(s)
[0505/112334.596:ERROR:gpu_process_host.cc(1002)] GPU process exited unexpectedly: exit_code=-532462766
[0505/112334.596:WARNING:gpu_process_host.cc(1436)] The GPU process has crashed 8 time(s)
[0505/112334.681:ERROR:gpu_process_host.cc(1002)] GPU process exited unexpectedly: exit_code=-532462766
[0505/112334.681:WARNING:gpu_process_host.cc(1436)] The GPU process has crashed 9 time(s)
[0505/112334.681:FATAL:gpu_data_manager_impl_private.cc(448)] GPU process isn't usable. Goodbye.
